<?xml version="1.0" encoding="UTF-8"?>
<testsuite name="com.springbootstudy.springboot.domain.posts.PostsRepositoryTest" tests="2" skipped="0" failures="0" errors="0" timestamp="2020-03-06T11:35:22" hostname="Toneyparkys-MacBookPro.local" time="0.022">
  <properties/>
  <testcase name="게시글저장_불러오기" classname="com.springbootstudy.springboot.domain.posts.PostsRepositoryTest" time="0.015"/>
  <testcase name="BaseTimeEntity_등록" classname="com.springbootstudy.springboot.domain.posts.PostsRepositoryTest" time="0.007"/>
  <system-out><![CDATA[2020-03-06 20:35:21.597  INFO 1962 --- [    Test worker] .b.t.c.SpringBootTestContextBootstrapper : Neither @ContextConfiguration nor @ContextHierarchy found for test class [com.springbootstudy.springboot.domain.posts.PostsRepositoryTest], using SpringBootContextLoader
2020-03-06 20:35:21.598  INFO 1962 --- [    Test worker] o.s.t.c.support.AbstractContextLoader    : Could not detect default resource locations for test class [com.springbootstudy.springboot.domain.posts.PostsRepositoryTest]: no resource found for suffixes {-context.xml, Context.groovy}.
2020-03-06 20:35:21.598  INFO 1962 --- [    Test worker] t.c.s.AnnotationConfigContextLoaderUtils : Could not detect default configuration classes for test class [com.springbootstudy.springboot.domain.posts.PostsRepositoryTest]: PostsRepositoryTest does not declare any static, non-private, non-final, nested classes annotated with @Configuration.
2020-03-06 20:35:21.602  INFO 1962 --- [    Test worker] .b.t.c.SpringBootTestContextBootstrapper : Found @SpringBootConfiguration com.springbootstudy.springboot.Application for test class com.springbootstudy.springboot.domain.posts.PostsRepositoryTest
2020-03-06 20:35:21.603  INFO 1962 --- [    Test worker] .b.t.c.SpringBootTestContextBootstrapper : Loaded default TestExecutionListener class names from location [META-INF/spring.factories]: [org.springframework.security.test.context.support.WithSecurityContextTestExecutionListener, org.springframework.security.test.context.support.ReactorContextTestExecutionListener, org.springframework.boot.test.autoconfigure.restdocs.RestDocsTestExecutionListener, org.springframework.boot.test.autoconfigure.web.client.MockRestServiceServerResetTestExecutionListener, org.springframework.boot.test.autoconfigure.web.servlet.MockMvcPrintOnlyOnFailureTestExecutionListener, org.springframework.boot.test.autoconfigure.web.servlet.WebDriverTestExecutionListener, org.springframework.boot.test.mock.mockito.MockitoTestExecutionListener, org.springframework.boot.test.mock.mockito.ResetMocksTestExecutionListener, org.springframework.test.context.web.ServletTestExecutionListener, org.springframework.test.context.support.DirtiesContextBeforeModesTestExecutionListener, org.springframework.test.context.support.DependencyInjectionTestExecutionListener, org.springframework.test.context.support.DirtiesContextTestExecutionListener, org.springframework.test.context.transaction.TransactionalTestExecutionListener, org.springframework.test.context.jdbc.SqlScriptsTestExecutionListener]
2020-03-06 20:35:21.604  INFO 1962 --- [    Test worker] .b.t.c.SpringBootTestContextBootstrapper : Using TestExecutionListeners: [org.springframework.test.context.web.ServletTestExecutionListener@3ce4fa76, org.springframework.test.context.support.DirtiesContextBeforeModesTestExecutionListener@7f97c59a, org.springframework.boot.test.mock.mockito.MockitoTestExecutionListener@46603d92, org.springframework.boot.test.autoconfigure.SpringBootDependencyInjectionTestExecutionListener@68e3959b, org.springframework.test.context.support.DirtiesContextTestExecutionListener@73cfe5bb, org.springframework.test.context.transaction.TransactionalTestExecutionListener@3235454d, org.springframework.test.context.jdbc.SqlScriptsTestExecutionListener@75fe6234, org.springframework.security.test.context.support.WithSecurityContextTestExecutionListener@1c56e5d, org.springframework.security.test.context.support.ReactorContextTestExecutionListener@d2bb1e3, org.springframework.boot.test.autoconfigure.restdocs.RestDocsTestExecutionListener@15ac8226, org.springframework.boot.test.autoconfigure.web.client.MockRestServiceServerResetTestExecutionListener@13c5bd65, org.springframework.boot.test.autoconfigure.web.servlet.MockMvcPrintOnlyOnFailureTestExecutionListener@39588ec6, org.springframework.boot.test.autoconfigure.web.servlet.WebDriverTestExecutionListener@69ac84a7, org.springframework.boot.test.mock.mockito.ResetMocksTestExecutionListener@18e08606]

  .   ____          _            __ _ _
 /\\ / ___'_ __ _ _(_)_ __  __ _ \ \ \ \
( ( )\___ | '_ | '_| | '_ \/ _` | \ \ \ \
 \\/  ___)| |_)| | | | | || (_| |  ) ) ) )
  '  |____| .__|_| |_|_| |_\__, | / / / /
 =========|_|==============|___/=/_/_/_/
 :: Spring Boot ::        (v2.1.9.RELEASE)

2020-03-06 20:35:21.617  INFO 1962 --- [    Test worker] c.s.s.domain.posts.PostsRepositoryTest   : Starting PostsRepositoryTest on Toneyparkys-MacBookPro.local with PID 1962 (started by toneyparky in /Users/toneyparky/Desktop/develop/woowa/spring-boot-study)
2020-03-06 20:35:21.617  INFO 1962 --- [    Test worker] c.s.s.domain.posts.PostsRepositoryTest   : No active profile set, falling back to default profiles: default
2020-03-06 20:35:21.732  INFO 1962 --- [    Test worker] .s.d.r.c.RepositoryConfigurationDelegate : Bootstrapping Spring Data repositories in DEFAULT mode.
2020-03-06 20:35:21.743  INFO 1962 --- [    Test worker] .s.d.r.c.RepositoryConfigurationDelegate : Finished Spring Data repository scanning in 10ms. Found 2 repository interfaces.
2020-03-06 20:35:21.801  INFO 1962 --- [    Test worker] trationDelegate$BeanPostProcessorChecker : Bean 'org.springframework.transaction.annotation.ProxyTransactionManagementConfiguration' of type [org.springframework.transaction.annotation.ProxyTransactionManagementConfiguration$$EnhancerBySpringCGLIB$$3c825003] is not eligible for getting processed by all BeanPostProcessors (for example: not eligible for auto-proxying)
2020-03-06 20:35:21.862  INFO 1962 --- [    Test worker] com.zaxxer.hikari.HikariDataSource       : HikariPool-2 - Starting...
2020-03-06 20:35:21.864  INFO 1962 --- [    Test worker] com.zaxxer.hikari.HikariDataSource       : HikariPool-2 - Start completed.
2020-03-06 20:35:21.880  INFO 1962 --- [    Test worker] o.hibernate.jpa.internal.util.LogHelper  : HHH000204: Processing PersistenceUnitInfo [
	name: default
	...]
2020-03-06 20:35:21.884  INFO 1962 --- [    Test worker] org.hibernate.dialect.Dialect            : HHH000400: Using dialect: org.hibernate.dialect.MySQL5InnoDBDialect
Hibernate: drop table if exists posts
Hibernate: drop table if exists user
Hibernate: create table posts (id bigint not null auto_increment, created_date datetime, modified_date datetime, author varchar(255), content Text not null, title varchar(500) not null, primary key (id)) engine=InnoDB
Hibernate: create table user (id bigint not null auto_increment, created_date datetime, modified_date datetime, email varchar(255) not null, name varchar(255) not null, picture varchar(255), role varchar(255) not null, primary key (id)) engine=InnoDB
2020-03-06 20:35:21.915  INFO 1962 --- [    Test worker] o.h.t.schema.internal.SchemaCreatorImpl  : HHH000476: Executing import script 'org.hibernate.tool.schema.internal.exec.ScriptSourceInputNonExistentImpl@75ef81d8'
2020-03-06 20:35:21.915  INFO 1962 --- [    Test worker] j.LocalContainerEntityManagerFactoryBean : Initialized JPA EntityManagerFactory for persistence unit 'default'
2020-03-06 20:35:22.025  INFO 1962 --- [    Test worker] o.h.h.i.QueryTranslatorFactoryInitiator  : HHH000397: Using ASTQueryTranslatorFactory
2020-03-06 20:35:22.107  INFO 1962 --- [    Test worker] o.s.s.web.DefaultSecurityFilterChain     : Creating filter chain: any request, [org.springframework.security.web.context.request.async.WebAsyncManagerIntegrationFilter@398ffc25, org.springframework.security.web.context.SecurityContextPersistenceFilter@6c001594, org.springframework.security.web.header.HeaderWriterFilter@4d77fe24, org.springframework.security.web.authentication.logout.LogoutFilter@6efca8c9, org.springframework.security.oauth2.client.web.OAuth2AuthorizationRequestRedirectFilter@374150e0, org.springframework.security.oauth2.client.web.OAuth2LoginAuthenticationFilter@75e43604, org.springframework.security.web.authentication.ui.DefaultLoginPageGeneratingFilter@2bca1bf, org.springframework.security.web.authentication.ui.DefaultLogoutPageGeneratingFilter@59e78f51, org.springframework.security.web.savedrequest.RequestCacheAwareFilter@2b7be95a, org.springframework.security.web.servletapi.SecurityContextHolderAwareRequestFilter@598fa4cf, org.springframework.security.web.authentication.AnonymousAuthenticationFilter@641c12dd, org.springframework.security.web.session.SessionManagementFilter@1519ce37, org.springframework.security.web.access.ExceptionTranslationFilter@45104593, org.springframework.security.web.access.intercept.FilterSecurityInterceptor@2da9b439]
2020-03-06 20:35:22.246  INFO 1962 --- [    Test worker] o.s.s.concurrent.ThreadPoolTaskExecutor  : Initializing ExecutorService 'applicationTaskExecutor'
2020-03-06 20:35:22.252  WARN 1962 --- [    Test worker] aWebConfiguration$JpaWebMvcConfiguration : spring.jpa.open-in-view is enabled by default. Therefore, database queries may be performed during view rendering. Explicitly configure spring.jpa.open-in-view to disable this warning
2020-03-06 20:35:22.265  INFO 1962 --- [    Test worker] o.s.b.a.w.s.WelcomePageHandlerMapping    : Adding welcome page template: index
2020-03-06 20:35:22.427  INFO 1962 --- [    Test worker] s.a.ScheduledAnnotationBeanPostProcessor : No TaskScheduler/ScheduledExecutorService bean found for scheduled processing
2020-03-06 20:35:22.428  INFO 1962 --- [    Test worker] c.s.s.domain.posts.PostsRepositoryTest   : Started PostsRepositoryTest in 0.823 seconds (JVM running for 7.197)
Hibernate: insert into posts (created_date, modified_date, author, content, title) values (?, ?, ?, ?, ?)
Hibernate: select posts0_.id as id1_0_, posts0_.created_date as created_2_0_, posts0_.modified_date as modified3_0_, posts0_.author as author4_0_, posts0_.content as content5_0_, posts0_.title as title6_0_ from posts posts0_
Hibernate: select posts0_.id as id1_0_, posts0_.created_date as created_2_0_, posts0_.modified_date as modified3_0_, posts0_.author as author4_0_, posts0_.content as content5_0_, posts0_.title as title6_0_ from posts posts0_
Hibernate: delete from posts where id=?
Hibernate: insert into posts (created_date, modified_date, author, content, title) values (?, ?, ?, ?, ?)
Hibernate: select posts0_.id as id1_0_, posts0_.created_date as created_2_0_, posts0_.modified_date as modified3_0_, posts0_.author as author4_0_, posts0_.content as content5_0_, posts0_.title as title6_0_ from posts posts0_
>>>>>>>>>> createDate=2020-03-06T20:35:22.446, modifiedDate=2020-03-06T20:35:22.446
Hibernate: select posts0_.id as id1_0_, posts0_.created_date as created_2_0_, posts0_.modified_date as modified3_0_, posts0_.author as author4_0_, posts0_.content as content5_0_, posts0_.title as title6_0_ from posts posts0_
Hibernate: delete from posts where id=?
]]></system-out>
  <system-err><![CDATA[]]></system-err>
</testsuite>
