<?xml version="1.0" encoding="UTF-8"?>
<testsuite name="com.springbootstudy.springboot.web.HelloControllerTest" tests="2" skipped="0" failures="0" errors="0" timestamp="2020-03-06T11:35:17" hostname="Toneyparkys-MacBookPro.local" time="0.211">
  <properties/>
  <testcase name="hello가_리턴된다" classname="com.springbootstudy.springboot.web.HelloControllerTest" time="0.158"/>
  <testcase name="helloDto가_리턴된다" classname="com.springbootstudy.springboot.web.HelloControllerTest" time="0.053"/>
  <system-out><![CDATA[20:35:15.681 [Test worker] DEBUG org.springframework.test.context.junit4.SpringJUnit4ClassRunner - SpringJUnit4ClassRunner constructor called with [class com.springbootstudy.springboot.web.HelloControllerTest]
20:35:15.686 [Test worker] DEBUG org.springframework.test.context.BootstrapUtils - Instantiating CacheAwareContextLoaderDelegate from class [org.springframework.test.context.cache.DefaultCacheAwareContextLoaderDelegate]
20:35:15.692 [Test worker] DEBUG org.springframework.test.context.BootstrapUtils - Instantiating BootstrapContext using constructor [public org.springframework.test.context.support.DefaultBootstrapContext(java.lang.Class,org.springframework.test.context.CacheAwareContextLoaderDelegate)]
20:35:15.706 [Test worker] DEBUG org.springframework.test.context.BootstrapUtils - Instantiating TestContextBootstrapper for test class [com.springbootstudy.springboot.web.HelloControllerTest] from class [org.springframework.boot.test.autoconfigure.web.servlet.WebMvcTestContextBootstrapper]
20:35:15.717 [Test worker] INFO org.springframework.boot.test.autoconfigure.web.servlet.WebMvcTestContextBootstrapper - Neither @ContextConfiguration nor @ContextHierarchy found for test class [com.springbootstudy.springboot.web.HelloControllerTest], using SpringBootContextLoader
20:35:15.719 [Test worker] DEBUG org.springframework.test.context.support.AbstractContextLoader - Did not detect default resource location for test class [com.springbootstudy.springboot.web.HelloControllerTest]: class path resource [com/springbootstudy/springboot/web/HelloControllerTest-context.xml] does not exist
20:35:15.720 [Test worker] DEBUG org.springframework.test.context.support.AbstractContextLoader - Did not detect default resource location for test class [com.springbootstudy.springboot.web.HelloControllerTest]: class path resource [com/springbootstudy/springboot/web/HelloControllerTestContext.groovy] does not exist
20:35:15.720 [Test worker] INFO org.springframework.test.context.support.AbstractContextLoader - Could not detect default resource locations for test class [com.springbootstudy.springboot.web.HelloControllerTest]: no resource found for suffixes {-context.xml, Context.groovy}.
20:35:15.720 [Test worker] INFO org.springframework.test.context.support.AnnotationConfigContextLoaderUtils - Could not detect default configuration classes for test class [com.springbootstudy.springboot.web.HelloControllerTest]: HelloControllerTest does not declare any static, non-private, non-final, nested classes annotated with @Configuration.
20:35:15.768 [Test worker] DEBUG org.springframework.test.context.support.ActiveProfilesUtils - Could not find an 'annotation declaring class' for annotation type [org.springframework.test.context.ActiveProfiles] and class [com.springbootstudy.springboot.web.HelloControllerTest]
20:35:15.824 [Test worker] DEBUG org.springframework.context.annotation.ClassPathScanningCandidateComponentProvider - Identified candidate component class: file [/Users/toneyparky/Desktop/develop/woowa/spring-boot-study/build/classes/java/main/com/springbootstudy/springboot/Application.class]
20:35:15.824 [Test worker] INFO org.springframework.boot.test.context.SpringBootTestContextBootstrapper - Found @SpringBootConfiguration com.springbootstudy.springboot.Application for test class com.springbootstudy.springboot.web.HelloControllerTest
20:35:15.826 [Test worker] DEBUG org.springframework.boot.test.autoconfigure.web.servlet.WebMvcTestContextBootstrapper - @TestExecutionListeners is not present for class [com.springbootstudy.springboot.web.HelloControllerTest]: using defaults.
20:35:15.826 [Test worker] INFO org.springframework.boot.test.autoconfigure.web.servlet.WebMvcTestContextBootstrapper - Loaded default TestExecutionListener class names from location [META-INF/spring.factories]: [org.springframework.security.test.context.support.WithSecurityContextTestExecutionListener, org.springframework.security.test.context.support.ReactorContextTestExecutionListener, org.springframework.boot.test.autoconfigure.restdocs.RestDocsTestExecutionListener, org.springframework.boot.test.autoconfigure.web.client.MockRestServiceServerResetTestExecutionListener, org.springframework.boot.test.autoconfigure.web.servlet.MockMvcPrintOnlyOnFailureTestExecutionListener, org.springframework.boot.test.autoconfigure.web.servlet.WebDriverTestExecutionListener, org.springframework.boot.test.mock.mockito.MockitoTestExecutionListener, org.springframework.boot.test.mock.mockito.ResetMocksTestExecutionListener, org.springframework.test.context.web.ServletTestExecutionListener, org.springframework.test.context.support.DirtiesContextBeforeModesTestExecutionListener, org.springframework.test.context.support.DependencyInjectionTestExecutionListener, org.springframework.test.context.support.DirtiesContextTestExecutionListener, org.springframework.test.context.transaction.TransactionalTestExecutionListener, org.springframework.test.context.jdbc.SqlScriptsTestExecutionListener]
20:35:15.845 [Test worker] INFO org.springframework.boot.test.autoconfigure.web.servlet.WebMvcTestContextBootstrapper - Using TestExecutionListeners: [org.springframework.test.context.web.ServletTestExecutionListener@ce80e60, org.springframework.test.context.support.DirtiesContextBeforeModesTestExecutionListener@10b600f0, org.springframework.boot.test.mock.mockito.MockitoTestExecutionListener@14b42102, org.springframework.boot.test.autoconfigure.SpringBootDependencyInjectionTestExecutionListener@331ae2c7, org.springframework.test.context.support.DirtiesContextTestExecutionListener@7fcd61ca, org.springframework.test.context.transaction.TransactionalTestExecutionListener@5fdc4f43, org.springframework.test.context.jdbc.SqlScriptsTestExecutionListener@6ad5c98b, org.springframework.security.test.context.support.WithSecurityContextTestExecutionListener@ebd02cc, org.springframework.security.test.context.support.ReactorContextTestExecutionListener@1aeae1e0, org.springframework.boot.test.autoconfigure.restdocs.RestDocsTestExecutionListener@27f113a9, org.springframework.boot.test.autoconfigure.web.client.MockRestServiceServerResetTestExecutionListener@632c0f4d, org.springframework.boot.test.autoconfigure.web.servlet.MockMvcPrintOnlyOnFailureTestExecutionListener@5e1da86, org.springframework.boot.test.autoconfigure.web.servlet.WebDriverTestExecutionListener@4849ce3b, org.springframework.boot.test.mock.mockito.ResetMocksTestExecutionListener@670ae0c0]
20:35:15.847 [Test worker] DEBUG org.springframework.test.annotation.ProfileValueUtils - Retrieved @ProfileValueSourceConfiguration [null] for test class [com.springbootstudy.springboot.web.HelloControllerTest]
20:35:15.847 [Test worker] DEBUG org.springframework.test.annotation.ProfileValueUtils - Retrieved ProfileValueSource type [class org.springframework.test.annotation.SystemProfileValueSource] for class [com.springbootstudy.springboot.web.HelloControllerTest]
20:35:15.848 [Test worker] DEBUG org.springframework.test.annotation.ProfileValueUtils - Retrieved @ProfileValueSourceConfiguration [null] for test class [com.springbootstudy.springboot.web.HelloControllerTest]
20:35:15.848 [Test worker] DEBUG org.springframework.test.annotation.ProfileValueUtils - Retrieved ProfileValueSource type [class org.springframework.test.annotation.SystemProfileValueSource] for class [com.springbootstudy.springboot.web.HelloControllerTest]
20:35:15.851 [Test worker] DEBUG org.springframework.test.context.support.AbstractDirtiesContextTestExecutionListener - Before test class: context [DefaultTestContext@6a785238 testClass = HelloControllerTest, testInstance = [null], testMethod = [null], testException = [null], mergedContextConfiguration = [WebMergedContextConfiguration@6812991a testClass = HelloControllerTest, locations = '{}', classes = '{class com.springbootstudy.springboot.Application}', contextInitializerClasses = '[]', activeProfiles = '{}', propertySourceLocations = '{}', propertySourceProperties = '{org.springframework.boot.test.autoconfigure.web.servlet.WebMvcTestContextBootstrapper=true}', contextCustomizers = set[org.springframework.boot.test.autoconfigure.OverrideAutoConfigurationContextCustomizerFactory$DisableAutoConfigurationContextCustomizer@42026172, org.springframework.boot.test.autoconfigure.filter.TypeExcludeFiltersContextCustomizer@6cfc84e, org.springframework.boot.test.autoconfigure.properties.PropertyMappingContextCustomizer@d96743e, org.springframework.boot.test.autoconfigure.web.servlet.WebDriverContextCustomizerFactory$Customizer@15e94e79, [ImportsContextCustomizer@7520a728 key = [org.springframework.boot.autoconfigure.cache.CacheAutoConfiguration, org.springframework.boot.autoconfigure.context.MessageSourceAutoConfiguration, org.springframework.boot.autoconfigure.data.web.SpringDataWebAutoConfiguration, org.springframework.boot.autoconfigure.freemarker.FreeMarkerAutoConfiguration, org.springframework.boot.autoconfigure.groovy.template.GroovyTemplateAutoConfiguration, org.springframework.boot.autoconfigure.gson.GsonAutoConfiguration, org.springframework.boot.autoconfigure.hateoas.HypermediaAutoConfiguration, org.springframework.boot.autoconfigure.http.HttpMessageConvertersAutoConfiguration, org.springframework.boot.autoconfigure.jackson.JacksonAutoConfiguration, org.springframework.boot.autoconfigure.jsonb.JsonbAutoConfiguration, org.springframework.boot.autoconfigure.mustache.MustacheAutoConfiguration, org.springframework.boot.autoconfigure.task.TaskExecutionAutoConfiguration, org.springframework.boot.autoconfigure.thymeleaf.ThymeleafAutoConfiguration, org.springframework.boot.autoconfigure.validation.ValidationAutoConfiguration, org.springframework.boot.autoconfigure.web.servlet.error.ErrorMvcAutoConfiguration, org.springframework.boot.autoconfigure.web.servlet.WebMvcAutoConfiguration, org.springframework.boot.test.autoconfigure.web.servlet.MockMvcAutoConfiguration, org.springframework.boot.test.autoconfigure.web.servlet.MockMvcSecurityAutoConfiguration, org.springframework.boot.test.autoconfigure.web.servlet.MockMvcWebClientAutoConfiguration, org.springframework.boot.test.autoconfigure.web.servlet.MockMvcWebDriverAutoConfiguration]], org.springframework.boot.test.context.filter.ExcludeFilterContextCustomizer@3ddaee1c, org.springframework.boot.test.json.DuplicateJsonObjectContextCustomizerFactory$DuplicateJsonObjectContextCustomizer@5ce66fac, org.springframework.boot.test.mock.mockito.MockitoContextCustomizer@0], resourceBasePath = 'src/main/webapp', contextLoader = 'org.springframework.boot.test.context.SpringBootContextLoader', parent = [null]], attributes = map[[empty]]], class annotated with @DirtiesContext [false] with mode [null].
20:35:15.852 [Test worker] DEBUG org.springframework.test.annotation.ProfileValueUtils - Retrieved @ProfileValueSourceConfiguration [null] for test class [com.springbootstudy.springboot.web.HelloControllerTest]
20:35:15.852 [Test worker] DEBUG org.springframework.test.annotation.ProfileValueUtils - Retrieved ProfileValueSource type [class org.springframework.test.annotation.SystemProfileValueSource] for class [com.springbootstudy.springboot.web.HelloControllerTest]
20:35:15.855 [Test worker] DEBUG org.springframework.test.context.support.DependencyInjectionTestExecutionListener - Performing dependency injection for test context [[DefaultTestContext@6a785238 testClass = HelloControllerTest, testInstance = com.springbootstudy.springboot.web.HelloControllerTest@4d1d40e, testMethod = [null], testException = [null], mergedContextConfiguration = [WebMergedContextConfiguration@6812991a testClass = HelloControllerTest, locations = '{}', classes = '{class com.springbootstudy.springboot.Application}', contextInitializerClasses = '[]', activeProfiles = '{}', propertySourceLocations = '{}', propertySourceProperties = '{org.springframework.boot.test.autoconfigure.web.servlet.WebMvcTestContextBootstrapper=true}', contextCustomizers = set[org.springframework.boot.test.autoconfigure.OverrideAutoConfigurationContextCustomizerFactory$DisableAutoConfigurationContextCustomizer@42026172, org.springframework.boot.test.autoconfigure.filter.TypeExcludeFiltersContextCustomizer@6cfc84e, org.springframework.boot.test.autoconfigure.properties.PropertyMappingContextCustomizer@d96743e, org.springframework.boot.test.autoconfigure.web.servlet.WebDriverContextCustomizerFactory$Customizer@15e94e79, [ImportsContextCustomizer@7520a728 key = [org.springframework.boot.autoconfigure.cache.CacheAutoConfiguration, org.springframework.boot.autoconfigure.context.MessageSourceAutoConfiguration, org.springframework.boot.autoconfigure.data.web.SpringDataWebAutoConfiguration, org.springframework.boot.autoconfigure.freemarker.FreeMarkerAutoConfiguration, org.springframework.boot.autoconfigure.groovy.template.GroovyTemplateAutoConfiguration, org.springframework.boot.autoconfigure.gson.GsonAutoConfiguration, org.springframework.boot.autoconfigure.hateoas.HypermediaAutoConfiguration, org.springframework.boot.autoconfigure.http.HttpMessageConvertersAutoConfiguration, org.springframework.boot.autoconfigure.jackson.JacksonAutoConfiguration, org.springframework.boot.autoconfigure.jsonb.JsonbAutoConfiguration, org.springframework.boot.autoconfigure.mustache.MustacheAutoConfiguration, org.springframework.boot.autoconfigure.task.TaskExecutionAutoConfiguration, org.springframework.boot.autoconfigure.thymeleaf.ThymeleafAutoConfiguration, org.springframework.boot.autoconfigure.validation.ValidationAutoConfiguration, org.springframework.boot.autoconfigure.web.servlet.error.ErrorMvcAutoConfiguration, org.springframework.boot.autoconfigure.web.servlet.WebMvcAutoConfiguration, org.springframework.boot.test.autoconfigure.web.servlet.MockMvcAutoConfiguration, org.springframework.boot.test.autoconfigure.web.servlet.MockMvcSecurityAutoConfiguration, org.springframework.boot.test.autoconfigure.web.servlet.MockMvcWebClientAutoConfiguration, org.springframework.boot.test.autoconfigure.web.servlet.MockMvcWebDriverAutoConfiguration]], org.springframework.boot.test.context.filter.ExcludeFilterContextCustomizer@3ddaee1c, org.springframework.boot.test.json.DuplicateJsonObjectContextCustomizerFactory$DuplicateJsonObjectContextCustomizer@5ce66fac, org.springframework.boot.test.mock.mockito.MockitoContextCustomizer@0], resourceBasePath = 'src/main/webapp', contextLoader = 'org.springframework.boot.test.context.SpringBootContextLoader', parent = [null]], attributes = map[[empty]]]].
20:35:15.928 [Test worker] DEBUG org.springframework.test.context.support.TestPropertySourceUtils - Adding inlined properties to environment: {spring.jmx.enabled=false, org.springframework.boot.test.autoconfigure.web.servlet.WebMvcTestContextBootstrapper=true, server.port=-1}

  .   ____          _            __ _ _
 /\\ / ___'_ __ _ _(_)_ __  __ _ \ \ \ \
( ( )\___ | '_ | '_| | '_ \/ _` | \ \ \ \
 \\/  ___)| |_)| | | | | || (_| |  ) ) ) )
  '  |____| .__|_| |_|_| |_\__, | / / / /
 =========|_|==============|___/=/_/_/_/
 :: Spring Boot ::        (v2.1.9.RELEASE)

2020-03-06 20:35:16.093  INFO 1962 --- [    Test worker] c.s.springboot.web.HelloControllerTest   : Starting HelloControllerTest on Toneyparkys-MacBookPro.local with PID 1962 (started by toneyparky in /Users/toneyparky/Desktop/develop/woowa/spring-boot-study)
2020-03-06 20:35:16.095  INFO 1962 --- [    Test worker] c.s.springboot.web.HelloControllerTest   : No active profile set, falling back to default profiles: default
2020-03-06 20:35:16.962  INFO 1962 --- [    Test worker] o.s.s.concurrent.ThreadPoolTaskExecutor  : Initializing ExecutorService 'applicationTaskExecutor'
2020-03-06 20:35:17.024  INFO 1962 --- [    Test worker] o.s.b.a.w.s.WelcomePageHandlerMapping    : Adding welcome page template: index
2020-03-06 20:35:17.251  INFO 1962 --- [    Test worker] .s.s.UserDetailsServiceAutoConfiguration : 

Using generated security password: d704fa96-c747-479f-8144-7c8c2530ad0d

2020-03-06 20:35:17.426  INFO 1962 --- [    Test worker] o.s.s.web.DefaultSecurityFilterChain     : Creating filter chain: any request, [org.springframework.security.web.context.request.async.WebAsyncManagerIntegrationFilter@3eddabd4, org.springframework.security.web.context.SecurityContextPersistenceFilter@75a633b5, org.springframework.security.web.header.HeaderWriterFilter@1debbd60, org.springframework.security.web.csrf.CsrfFilter@1d932780, org.springframework.security.web.authentication.logout.LogoutFilter@cc2820a, org.springframework.security.web.authentication.UsernamePasswordAuthenticationFilter@35b2e11, org.springframework.security.web.authentication.ui.DefaultLoginPageGeneratingFilter@752919c, org.springframework.security.web.authentication.ui.DefaultLogoutPageGeneratingFilter@4917a89f, org.springframework.security.web.authentication.www.BasicAuthenticationFilter@70cc194f, org.springframework.security.web.savedrequest.RequestCacheAwareFilter@1b9c941, org.springframework.security.web.servletapi.SecurityContextHolderAwareRequestFilter@7fd9fb2e, org.springframework.security.web.authentication.AnonymousAuthenticationFilter@3b77eb4e, org.springframework.security.web.session.SessionManagementFilter@500ce83a, org.springframework.security.web.access.ExceptionTranslationFilter@33e56a63, org.springframework.security.web.access.intercept.FilterSecurityInterceptor@174bf789]
2020-03-06 20:35:17.455  INFO 1962 --- [    Test worker] o.s.b.t.m.w.SpringBootMockServletContext : Initializing Spring TestDispatcherServlet ''
2020-03-06 20:35:17.455  INFO 1962 --- [    Test worker] o.s.t.web.servlet.TestDispatcherServlet  : Initializing Servlet ''
2020-03-06 20:35:17.465  INFO 1962 --- [    Test worker] o.s.t.web.servlet.TestDispatcherServlet  : Completed initialization in 10 ms
2020-03-06 20:35:17.497  INFO 1962 --- [    Test worker] c.s.springboot.web.HelloControllerTest   : Started HelloControllerTest in 1.562 seconds (JVM running for 2.266)
]]></system-out>
  <system-err><![CDATA[]]></system-err>
</testsuite>
