<?xml version="1.0" encoding="UTF-8"?>
<testsuite name="com.springbootstudy.springboot.web.IndexControllerTest" tests="1" skipped="0" failures="0" errors="0" timestamp="2020-03-06T11:35:21" hostname="Toneyparkys-MacBookPro.local" time="0.171">
  <properties/>
  <testcase name="메인페이지_로딩" classname="com.springbootstudy.springboot.web.IndexControllerTest" time="0.171"/>
  <system-out><![CDATA[2020-03-06 20:35:17.750  INFO 1962 --- [    Test worker] .b.t.c.SpringBootTestContextBootstrapper : Neither @ContextConfiguration nor @ContextHierarchy found for test class [com.springbootstudy.springboot.web.IndexControllerTest], using SpringBootContextLoader
2020-03-06 20:35:17.750  INFO 1962 --- [    Test worker] o.s.t.c.support.AbstractContextLoader    : Could not detect default resource locations for test class [com.springbootstudy.springboot.web.IndexControllerTest]: no resource found for suffixes {-context.xml, Context.groovy}.
2020-03-06 20:35:17.751  INFO 1962 --- [    Test worker] t.c.s.AnnotationConfigContextLoaderUtils : Could not detect default configuration classes for test class [com.springbootstudy.springboot.web.IndexControllerTest]: IndexControllerTest does not declare any static, non-private, non-final, nested classes annotated with @Configuration.
2020-03-06 20:35:17.752  INFO 1962 --- [    Test worker] .b.t.c.SpringBootTestContextBootstrapper : Found @SpringBootConfiguration com.springbootstudy.springboot.Application for test class com.springbootstudy.springboot.web.IndexControllerTest
2020-03-06 20:35:17.753  INFO 1962 --- [    Test worker] .b.t.c.SpringBootTestContextBootstrapper : Loaded default TestExecutionListener class names from location [META-INF/spring.factories]: [org.springframework.security.test.context.support.WithSecurityContextTestExecutionListener, org.springframework.security.test.context.support.ReactorContextTestExecutionListener, org.springframework.boot.test.autoconfigure.restdocs.RestDocsTestExecutionListener, org.springframework.boot.test.autoconfigure.web.client.MockRestServiceServerResetTestExecutionListener, org.springframework.boot.test.autoconfigure.web.servlet.MockMvcPrintOnlyOnFailureTestExecutionListener, org.springframework.boot.test.autoconfigure.web.servlet.WebDriverTestExecutionListener, org.springframework.boot.test.mock.mockito.MockitoTestExecutionListener, org.springframework.boot.test.mock.mockito.ResetMocksTestExecutionListener, org.springframework.test.context.web.ServletTestExecutionListener, org.springframework.test.context.support.DirtiesContextBeforeModesTestExecutionListener, org.springframework.test.context.support.DependencyInjectionTestExecutionListener, org.springframework.test.context.support.DirtiesContextTestExecutionListener, org.springframework.test.context.transaction.TransactionalTestExecutionListener, org.springframework.test.context.jdbc.SqlScriptsTestExecutionListener]
2020-03-06 20:35:17.754  INFO 1962 --- [    Test worker] .b.t.c.SpringBootTestContextBootstrapper : Using TestExecutionListeners: [org.springframework.test.context.web.ServletTestExecutionListener@18ef4cef, org.springframework.test.context.support.DirtiesContextBeforeModesTestExecutionListener@5f4d4b85, org.springframework.boot.test.mock.mockito.MockitoTestExecutionListener@693495dd, org.springframework.boot.test.autoconfigure.SpringBootDependencyInjectionTestExecutionListener@2336a196, org.springframework.test.context.support.DirtiesContextTestExecutionListener@41dc192b, org.springframework.test.context.transaction.TransactionalTestExecutionListener@74f863f6, org.springframework.test.context.jdbc.SqlScriptsTestExecutionListener@39af8ac9, org.springframework.security.test.context.support.WithSecurityContextTestExecutionListener@2f03b67b, org.springframework.security.test.context.support.ReactorContextTestExecutionListener@eb7e7f1, org.springframework.boot.test.autoconfigure.restdocs.RestDocsTestExecutionListener@39e7c202, org.springframework.boot.test.autoconfigure.web.client.MockRestServiceServerResetTestExecutionListener@7cdbfe35, org.springframework.boot.test.autoconfigure.web.servlet.MockMvcPrintOnlyOnFailureTestExecutionListener@4e593fbb, org.springframework.boot.test.autoconfigure.web.servlet.WebDriverTestExecutionListener@7fe0c1ee, org.springframework.boot.test.mock.mockito.ResetMocksTestExecutionListener@7810fbc2]

  .   ____          _            __ _ _
 /\\ / ___'_ __ _ _(_)_ __  __ _ \ \ \ \
( ( )\___ | '_ | '_| | '_ \/ _` | \ \ \ \
 \\/  ___)| |_)| | | | | || (_| |  ) ) ) )
  '  |____| .__|_| |_|_| |_\__, | / / / /
 =========|_|==============|___/=/_/_/_/
 :: Spring Boot ::        (v2.1.9.RELEASE)

2020-03-06 20:35:17.772  INFO 1962 --- [    Test worker] c.s.springboot.web.IndexControllerTest   : Starting IndexControllerTest on Toneyparkys-MacBookPro.local with PID 1962 (started by toneyparky in /Users/toneyparky/Desktop/develop/woowa/spring-boot-study)
2020-03-06 20:35:17.772  INFO 1962 --- [    Test worker] c.s.springboot.web.IndexControllerTest   : No active profile set, falling back to default profiles: default
2020-03-06 20:35:18.018  INFO 1962 --- [    Test worker] .s.d.r.c.RepositoryConfigurationDelegate : Bootstrapping Spring Data repositories in DEFAULT mode.
2020-03-06 20:35:18.063  INFO 1962 --- [    Test worker] .s.d.r.c.RepositoryConfigurationDelegate : Finished Spring Data repository scanning in 40ms. Found 2 repository interfaces.
2020-03-06 20:35:18.266  INFO 1962 --- [    Test worker] trationDelegate$BeanPostProcessorChecker : Bean 'org.springframework.transaction.annotation.ProxyTransactionManagementConfiguration' of type [org.springframework.transaction.annotation.ProxyTransactionManagementConfiguration$$EnhancerBySpringCGLIB$$3c825003] is not eligible for getting processed by all BeanPostProcessors (for example: not eligible for auto-proxying)
2020-03-06 20:35:18.516  INFO 1962 --- [    Test worker] o.s.b.w.embedded.tomcat.TomcatWebServer  : Tomcat initialized with port(s): 0 (http)
2020-03-06 20:35:18.539  INFO 1962 --- [    Test worker] o.apache.catalina.core.StandardService   : Starting service [Tomcat]
2020-03-06 20:35:18.540  INFO 1962 --- [    Test worker] org.apache.catalina.core.StandardEngine  : Starting Servlet engine: [Apache Tomcat/9.0.26]
2020-03-06 20:35:18.656  INFO 1962 --- [    Test worker] o.a.c.c.C.[Tomcat].[localhost].[/]       : Initializing Spring embedded WebApplicationContext
2020-03-06 20:35:18.656  INFO 1962 --- [    Test worker] o.s.web.context.ContextLoader            : Root WebApplicationContext: initialization completed in 882 ms
2020-03-06 20:35:18.916  INFO 1962 --- [    Test worker] com.zaxxer.hikari.HikariDataSource       : HikariPool-1 - Starting...
2020-03-06 20:35:19.047  INFO 1962 --- [    Test worker] com.zaxxer.hikari.HikariDataSource       : HikariPool-1 - Start completed.
2020-03-06 20:35:19.128  INFO 1962 --- [    Test worker] o.hibernate.jpa.internal.util.LogHelper  : HHH000204: Processing PersistenceUnitInfo [
	name: default
	...]
2020-03-06 20:35:19.188  INFO 1962 --- [    Test worker] org.hibernate.Version                    : HHH000412: Hibernate Core {5.3.12.Final}
2020-03-06 20:35:19.190  INFO 1962 --- [    Test worker] org.hibernate.cfg.Environment            : HHH000206: hibernate.properties not found
2020-03-06 20:35:19.237  INFO 1962 --- [    Test worker] o.hibernate.annotations.common.Version   : HCANN000001: Hibernate Commons Annotations {5.0.4.Final}
2020-03-06 20:35:19.381  INFO 1962 --- [    Test worker] org.hibernate.dialect.Dialect            : HHH000400: Using dialect: org.hibernate.dialect.MySQL5InnoDBDialect
Hibernate: drop table if exists posts
Hibernate: drop table if exists user
Hibernate: create table posts (id bigint not null auto_increment, created_date datetime, modified_date datetime, author varchar(255), content Text not null, title varchar(500) not null, primary key (id)) engine=InnoDB
Hibernate: create table user (id bigint not null auto_increment, created_date datetime, modified_date datetime, email varchar(255) not null, name varchar(255) not null, picture varchar(255), role varchar(255) not null, primary key (id)) engine=InnoDB
2020-03-06 20:35:20.066  INFO 1962 --- [    Test worker] o.h.t.schema.internal.SchemaCreatorImpl  : HHH000476: Executing import script 'org.hibernate.tool.schema.internal.exec.ScriptSourceInputNonExistentImpl@75ef81d8'
2020-03-06 20:35:20.068  INFO 1962 --- [    Test worker] j.LocalContainerEntityManagerFactoryBean : Initialized JPA EntityManagerFactory for persistence unit 'default'
2020-03-06 20:35:20.537  INFO 1962 --- [    Test worker] o.h.h.i.QueryTranslatorFactoryInitiator  : HHH000397: Using ASTQueryTranslatorFactory
2020-03-06 20:35:20.766  INFO 1962 --- [    Test worker] o.s.s.web.DefaultSecurityFilterChain     : Creating filter chain: any request, [org.springframework.security.web.context.request.async.WebAsyncManagerIntegrationFilter@7320e9ae, org.springframework.security.web.context.SecurityContextPersistenceFilter@23089e55, org.springframework.security.web.header.HeaderWriterFilter@5f1ff94f, org.springframework.security.web.authentication.logout.LogoutFilter@3c991ab4, org.springframework.security.oauth2.client.web.OAuth2AuthorizationRequestRedirectFilter@3ba72d4, org.springframework.security.oauth2.client.web.OAuth2LoginAuthenticationFilter@44c81dd5, org.springframework.security.web.authentication.ui.DefaultLoginPageGeneratingFilter@5b84dda7, org.springframework.security.web.authentication.ui.DefaultLogoutPageGeneratingFilter@41855c2d, org.springframework.security.web.savedrequest.RequestCacheAwareFilter@6df96c1, org.springframework.security.web.servletapi.SecurityContextHolderAwareRequestFilter@262ad2d4, org.springframework.security.web.authentication.AnonymousAuthenticationFilter@45a7d77d, org.springframework.security.web.session.SessionManagementFilter@5894b8fe, org.springframework.security.web.access.ExceptionTranslationFilter@3442361b, org.springframework.security.web.access.intercept.FilterSecurityInterceptor@6d3d6521]
2020-03-06 20:35:20.936  INFO 1962 --- [    Test worker] o.s.s.concurrent.ThreadPoolTaskExecutor  : Initializing ExecutorService 'applicationTaskExecutor'
2020-03-06 20:35:20.953  WARN 1962 --- [    Test worker] aWebConfiguration$JpaWebMvcConfiguration : spring.jpa.open-in-view is enabled by default. Therefore, database queries may be performed during view rendering. Explicitly configure spring.jpa.open-in-view to disable this warning
2020-03-06 20:35:20.987  INFO 1962 --- [    Test worker] o.s.b.a.w.s.WelcomePageHandlerMapping    : Adding welcome page template: index
2020-03-06 20:35:21.250  INFO 1962 --- [    Test worker] s.a.ScheduledAnnotationBeanPostProcessor : No TaskScheduler/ScheduledExecutorService bean found for scheduled processing
2020-03-06 20:35:21.268  INFO 1962 --- [    Test worker] o.s.b.w.embedded.tomcat.TomcatWebServer  : Tomcat started on port(s): 51362 (http) with context path ''
2020-03-06 20:35:21.269  INFO 1962 --- [    Test worker] c.s.springboot.web.IndexControllerTest   : Started IndexControllerTest in 3.514 seconds (JVM running for 6.039)
2020-03-06 20:35:21.357  INFO 1962 --- [o-auto-1-exec-1] o.a.c.c.C.[Tomcat].[localhost].[/]       : Initializing Spring DispatcherServlet 'dispatcherServlet'
2020-03-06 20:35:21.358  INFO 1962 --- [o-auto-1-exec-1] o.s.web.servlet.DispatcherServlet        : Initializing Servlet 'dispatcherServlet'
2020-03-06 20:35:21.370  INFO 1962 --- [o-auto-1-exec-1] o.s.web.servlet.DispatcherServlet        : Completed initialization in 12 ms
Hibernate: select posts0_.id as id1_0_, posts0_.created_date as created_2_0_, posts0_.modified_date as modified3_0_, posts0_.author as author4_0_, posts0_.content as content5_0_, posts0_.title as title6_0_ from posts posts0_ order by posts0_.id DESC
]]></system-out>
  <system-err><![CDATA[]]></system-err>
</testsuite>
